2020-04-28 22:04:617 INFO  BrowserSelector :19 - Launching Chrome Browser
2020-04-28 22:04:500 INFO  HomePage :31 - " Clicking on login link: " + _bankManagerLoginLink.toString()
2020-04-28 22:04:764 INFO  BankManagerLoginPage :27 -  Clicking on add customer link[[ChromeDriver: chrome on WINDOWS (a57f7dbb7d9ab8d45eb73b816922f289)] -> xpath: //button[contains(text(),'Add Customer')]]
2020-04-28 22:04:238 INFO  AddCustomerPage :32 -  Enter first name JitupZ to the first name field[[ChromeDriver: chrome on WINDOWS (a57f7dbb7d9ab8d45eb73b816922f289)] -> xpath: //input[@placeholder='First Name']]
2020-04-28 22:04:382 INFO  AddCustomerPage :38 -  Enter last name Patel to the last name field[[ChromeDriver: chrome on WINDOWS (a57f7dbb7d9ab8d45eb73b816922f289)] -> xpath: //input[@placeholder='Last Name']]
2020-04-28 22:04:498 INFO  AddCustomerPage :44 -  Enter post code HA3 to the post code field[[ChromeDriver: chrome on WINDOWS (a57f7dbb7d9ab8d45eb73b816922f289)] -> xpath: //input[@placeholder='Post Code']]
2020-04-28 22:04:598 INFO  BankManagerLoginPage :27 -  Clicking on add customer link[[ChromeDriver: chrome on WINDOWS (a57f7dbb7d9ab8d45eb73b816922f289)] -> xpath: //button[contains(text(),'Add Customer')]]
2020-04-28 22:04:893 INFO  BankManagerLoginPage :34 -  Clicking on open account link[[ChromeDriver: chrome on WINDOWS (a57f7dbb7d9ab8d45eb73b816922f289)] -> xpath: //button[contains(text(),'Open Account')]]
2020-04-28 22:04:257 INFO  OpenAccountPage :35 -  Enter name on customer name field [[ChromeDriver: chrome on WINDOWS (a57f7dbb7d9ab8d45eb73b816922f289)] -> xpath: //select[@id='userSelect']]
2020-04-28 22:04:441 INFO  OpenAccountPage :48 - Search Pound field from currency [[ChromeDriver: chrome on WINDOWS (a57f7dbb7d9ab8d45eb73b816922f289)] -> xpath: //select[@id='currency']]
2020-04-28 22:04:287 INFO  BrowserSelector :19 - Launching Chrome Browser
2020-04-28 22:04:55 INFO  HomePage :31 - " Clicking on login link: " + _bankManagerLoginLink.toString()
2020-04-28 22:04:282 INFO  BankManagerLoginPage :27 -  Clicking on add customer link[[ChromeDriver: chrome on WINDOWS (8a241ce031a6c2405960a7f71ceb78c4)] -> xpath: //button[contains(text(),'Add Customer')]]
2020-04-28 22:04:546 INFO  AddCustomerPage :32 -  Enter first name Jituoq to the first name field[[ChromeDriver: chrome on WINDOWS (8a241ce031a6c2405960a7f71ceb78c4)] -> xpath: //input[@placeholder='First Name']]
2020-04-28 22:04:638 INFO  AddCustomerPage :38 -  Enter last name Patel to the last name field[[ChromeDriver: chrome on WINDOWS (8a241ce031a6c2405960a7f71ceb78c4)] -> xpath: //input[@placeholder='Last Name']]
2020-04-28 22:04:737 INFO  AddCustomerPage :44 -  Enter post code HA3 to the post code field[[ChromeDriver: chrome on WINDOWS (8a241ce031a6c2405960a7f71ceb78c4)] -> xpath: //input[@placeholder='Post Code']]
2020-04-28 22:04:850 INFO  BankManagerLoginPage :27 -  Clicking on add customer link[[ChromeDriver: chrome on WINDOWS (8a241ce031a6c2405960a7f71ceb78c4)] -> xpath: //button[contains(text(),'Add Customer')]]
2020-04-28 22:04:101 INFO  BankManagerLoginPage :40 -  Clickink on customer link[[ChromeDriver: chrome on WINDOWS (8a241ce031a6c2405960a7f71ceb78c4)] -> xpath: //button[contains(text(),'Customers')]]
2020-04-28 22:04:439 INFO  CustomersPage :29 -  Enter text Jituto search customer field[[ChromeDriver: chrome on WINDOWS (8a241ce031a6c2405960a7f71ceb78c4)] -> xpath: //input[@placeholder='Search Customer']]
2020-04-28 22:04:611 INFO  CustomersPage :35 -  Delete customer Proxy element for: DefaultElementLocator 'By.xpath: //button[contains(text(),'Delete')]'
2020-04-28 22:04:235 INFO  BrowserSelector :19 - Launching Chrome Browser
2020-04-28 22:04:868 INFO  HomePage :31 - " Clicking on login link: " + _bankManagerLoginLink.toString()
2020-04-28 22:04:168 INFO  BankManagerLoginPage :27 -  Clicking on add customer link[[ChromeDriver: chrome on WINDOWS (7bbeec69540e6e6cd722b5e84d6b181a)] -> xpath: //button[contains(text(),'Add Customer')]]
2020-04-28 22:04:424 INFO  AddCustomerPage :32 -  Enter first name Jitu3p to the first name field[[ChromeDriver: chrome on WINDOWS (7bbeec69540e6e6cd722b5e84d6b181a)] -> xpath: //input[@placeholder='First Name']]
2020-04-28 22:04:513 INFO  AddCustomerPage :38 -  Enter last name Patel to the last name field[[ChromeDriver: chrome on WINDOWS (7bbeec69540e6e6cd722b5e84d6b181a)] -> xpath: //input[@placeholder='Last Name']]
2020-04-28 22:04:591 INFO  AddCustomerPage :44 -  Enter post code HA3 to the post code field[[ChromeDriver: chrome on WINDOWS (7bbeec69540e6e6cd722b5e84d6b181a)] -> xpath: //input[@placeholder='Post Code']]
2020-04-28 22:04:666 INFO  BankManagerLoginPage :27 -  Clicking on add customer link[[ChromeDriver: chrome on WINDOWS (7bbeec69540e6e6cd722b5e84d6b181a)] -> xpath: //button[contains(text(),'Add Customer')]]
2020-04-28 22:04:882 INFO  BankManagerLoginPage :34 -  Clicking on open account link[[ChromeDriver: chrome on WINDOWS (7bbeec69540e6e6cd722b5e84d6b181a)] -> xpath: //button[contains(text(),'Open Account')]]
2020-04-28 22:04:210 INFO  OpenAccountPage :35 -  Enter name on customer name field [[ChromeDriver: chrome on WINDOWS (7bbeec69540e6e6cd722b5e84d6b181a)] -> xpath: //select[@id='userSelect']]
2020-04-28 22:04:343 INFO  OpenAccountPage :48 - Search Pound field from currency [[ChromeDriver: chrome on WINDOWS (7bbeec69540e6e6cd722b5e84d6b181a)] -> xpath: //select[@id='currency']]
2020-04-28 22:04:543 INFO  HomePage :37 -  Clicking on Home Button [[ChromeDriver: chrome on WINDOWS (7bbeec69540e6e6cd722b5e84d6b181a)] -> xpath: //button[@class='btn home']]
2020-04-28 22:04:673 INFO  BrowserSelector :19 - Launching Chrome Browser
2020-04-28 22:04:343 INFO  HomePage :31 - " Clicking on login link: " + _bankManagerLoginLink.toString()
2020-04-28 22:04:585 INFO  BankManagerLoginPage :27 -  Clicking on add customer link[[ChromeDriver: chrome on WINDOWS (249d10cc63c6990bf5c57f0c76050459)] -> xpath: //button[contains(text(),'Add Customer')]]
2020-04-28 22:04:824 INFO  AddCustomerPage :32 -  Enter first name Jitutw to the first name field[[ChromeDriver: chrome on WINDOWS (249d10cc63c6990bf5c57f0c76050459)] -> xpath: //input[@placeholder='First Name']]
2020-04-28 22:04:920 INFO  AddCustomerPage :38 -  Enter last name Patel to the last name field[[ChromeDriver: chrome on WINDOWS (249d10cc63c6990bf5c57f0c76050459)] -> xpath: //input[@placeholder='Last Name']]
2020-04-28 22:04:04 INFO  AddCustomerPage :44 -  Enter post code HA3 to the post code field[[ChromeDriver: chrome on WINDOWS (249d10cc63c6990bf5c57f0c76050459)] -> xpath: //input[@placeholder='Post Code']]
2020-04-28 22:04:282 INFO  BankManagerLoginPage :27 -  Clicking on add customer link[[ChromeDriver: chrome on WINDOWS (249d10cc63c6990bf5c57f0c76050459)] -> xpath: //button[contains(text(),'Add Customer')]]
2020-04-28 22:04:545 INFO  BankManagerLoginPage :34 -  Clicking on open account link[[ChromeDriver: chrome on WINDOWS (249d10cc63c6990bf5c57f0c76050459)] -> xpath: //button[contains(text(),'Open Account')]]
2020-04-28 22:04:890 INFO  OpenAccountPage :35 -  Enter name on customer name field [[ChromeDriver: chrome on WINDOWS (249d10cc63c6990bf5c57f0c76050459)] -> xpath: //select[@id='userSelect']]
2020-04-28 22:04:40 INFO  OpenAccountPage :48 - Search Pound field from currency [[ChromeDriver: chrome on WINDOWS (249d10cc63c6990bf5c57f0c76050459)] -> xpath: //select[@id='currency']]
2020-04-28 22:04:238 INFO  HomePage :37 -  Clicking on Home Button [[ChromeDriver: chrome on WINDOWS (249d10cc63c6990bf5c57f0c76050459)] -> xpath: //button[@class='btn home']]
2020-04-28 22:04:180 INFO  BrowserSelector :19 - Launching Chrome Browser
2020-04-28 22:04:987 INFO  HomePage :31 - " Clicking on login link: " + _bankManagerLoginLink.toString()
2020-04-28 22:04:334 INFO  BankManagerLoginPage :27 -  Clicking on add customer link[[ChromeDriver: chrome on WINDOWS (609442dd8672b4b6e2ea7abb89ecda10)] -> xpath: //button[contains(text(),'Add Customer')]]
2020-04-28 22:04:597 INFO  AddCustomerPage :32 -  Enter first name JituQd to the first name field[[ChromeDriver: chrome on WINDOWS (609442dd8672b4b6e2ea7abb89ecda10)] -> xpath: //input[@placeholder='First Name']]
2020-04-28 22:04:989 INFO  AddCustomerPage :38 -  Enter last name Patel to the last name field[[ChromeDriver: chrome on WINDOWS (609442dd8672b4b6e2ea7abb89ecda10)] -> xpath: //input[@placeholder='Last Name']]
2020-04-28 22:04:114 INFO  AddCustomerPage :44 -  Enter post code HA3 to the post code field[[ChromeDriver: chrome on WINDOWS (609442dd8672b4b6e2ea7abb89ecda10)] -> xpath: //input[@placeholder='Post Code']]
2020-04-28 22:04:256 INFO  BankManagerLoginPage :27 -  Clicking on add customer link[[ChromeDriver: chrome on WINDOWS (609442dd8672b4b6e2ea7abb89ecda10)] -> xpath: //button[contains(text(),'Add Customer')]]
2020-04-28 22:04:553 INFO  BankManagerLoginPage :34 -  Clicking on open account link[[ChromeDriver: chrome on WINDOWS (609442dd8672b4b6e2ea7abb89ecda10)] -> xpath: //button[contains(text(),'Open Account')]]
2020-04-28 22:04:916 INFO  OpenAccountPage :35 -  Enter name on customer name field [[ChromeDriver: chrome on WINDOWS (609442dd8672b4b6e2ea7abb89ecda10)] -> xpath: //select[@id='userSelect']]
2020-04-28 22:04:144 INFO  OpenAccountPage :48 - Search Pound field from currency [[ChromeDriver: chrome on WINDOWS (609442dd8672b4b6e2ea7abb89ecda10)] -> xpath: //select[@id='currency']]
2020-04-28 22:04:357 INFO  HomePage :37 -  Clicking on Home Button [[ChromeDriver: chrome on WINDOWS (609442dd8672b4b6e2ea7abb89ecda10)] -> xpath: //button[@class='btn home']]
2020-04-28 22:04:791 INFO  CustomerLoginPage :34 -  Enter text 6to search customer field[[ChromeDriver: chrome on WINDOWS (609442dd8672b4b6e2ea7abb89ecda10)] -> xpath: //select[@id='userSelect']]
2020-04-28 22:04:888 INFO  CustomerLoginPage :27 -  Clicking onn login button[[ChromeDriver: chrome on WINDOWS (609442dd8672b4b6e2ea7abb89ecda10)] -> xpath: //button[@class='btn btn-default']]
2020-04-28 22:04:84 INFO  AccountPage :52 -  Click on logout button [[ChromeDriver: chrome on WINDOWS (609442dd8672b4b6e2ea7abb89ecda10)] -> xpath: //button[@class='btn logout']]
2020-04-28 22:04:886 INFO  BrowserSelector :19 - Launching Chrome Browser
2020-04-28 22:04:668 INFO  HomePage :31 - " Clicking on login link: " + _bankManagerLoginLink.toString()
2020-04-28 22:04:896 INFO  BankManagerLoginPage :27 -  Clicking on add customer link[[ChromeDriver: chrome on WINDOWS (df80c3d4a5d071192f37209b6aab82ff)] -> xpath: //button[contains(text(),'Add Customer')]]
2020-04-28 22:04:155 INFO  AddCustomerPage :32 -  Enter first name JituDr to the first name field[[ChromeDriver: chrome on WINDOWS (df80c3d4a5d071192f37209b6aab82ff)] -> xpath: //input[@placeholder='First Name']]
2020-04-28 22:04:252 INFO  AddCustomerPage :38 -  Enter last name Patel to the last name field[[ChromeDriver: chrome on WINDOWS (df80c3d4a5d071192f37209b6aab82ff)] -> xpath: //input[@placeholder='Last Name']]
2020-04-28 22:04:335 INFO  AddCustomerPage :44 -  Enter post code HA3 to the post code field[[ChromeDriver: chrome on WINDOWS (df80c3d4a5d071192f37209b6aab82ff)] -> xpath: //input[@placeholder='Post Code']]
2020-04-28 22:04:416 INFO  BankManagerLoginPage :27 -  Clicking on add customer link[[ChromeDriver: chrome on WINDOWS (df80c3d4a5d071192f37209b6aab82ff)] -> xpath: //button[contains(text(),'Add Customer')]]
2020-04-28 22:04:647 INFO  BankManagerLoginPage :34 -  Clicking on open account link[[ChromeDriver: chrome on WINDOWS (df80c3d4a5d071192f37209b6aab82ff)] -> xpath: //button[contains(text(),'Open Account')]]
2020-04-28 22:04:00 INFO  OpenAccountPage :35 -  Enter name on customer name field [[ChromeDriver: chrome on WINDOWS (df80c3d4a5d071192f37209b6aab82ff)] -> xpath: //select[@id='userSelect']]
2020-04-28 22:04:145 INFO  OpenAccountPage :48 - Search Pound field from currency [[ChromeDriver: chrome on WINDOWS (df80c3d4a5d071192f37209b6aab82ff)] -> xpath: //select[@id='currency']]
2020-04-28 22:04:342 INFO  HomePage :37 -  Clicking on Home Button [[ChromeDriver: chrome on WINDOWS (df80c3d4a5d071192f37209b6aab82ff)] -> xpath: //button[@class='btn home']]
2020-04-28 22:04:735 INFO  CustomerLoginPage :34 -  Enter text 6to search customer field[[ChromeDriver: chrome on WINDOWS (df80c3d4a5d071192f37209b6aab82ff)] -> xpath: //select[@id='userSelect']]
2020-04-28 22:04:819 INFO  CustomerLoginPage :27 -  Clicking onn login button[[ChromeDriver: chrome on WINDOWS (df80c3d4a5d071192f37209b6aab82ff)] -> xpath: //button[@class='btn btn-default']]
2020-04-28 22:04:51 INFO  AccountPage :60 -  Click on deposit tab [[ChromeDriver: chrome on WINDOWS (df80c3d4a5d071192f37209b6aab82ff)] -> xpath: //button[contains(text(),'Deposit')]]
2020-04-28 22:04:286 INFO  AccountPage :68 -  Enter £100 on deposit field [[ChromeDriver: chrome on WINDOWS (df80c3d4a5d071192f37209b6aab82ff)] -> xpath: //input[@placeholder='amount']]
2020-04-28 22:04:368 INFO  AccountPage :75 -  Clicking on deposite button [[ChromeDriver: chrome on WINDOWS (df80c3d4a5d071192f37209b6aab82ff)] -> xpath: //button[@class='btn btn-default']]
2020-04-28 22:04:392 INFO  AccountPage :80 -  Verify Deposite successful text displayed on account page[[ChromeDriver: chrome on WINDOWS (df80c3d4a5d071192f37209b6aab82ff)] -> xpath: //span[@class='error ng-binding']]
2020-04-29 17:04:787 INFO  BrowserSelector :19 - Launching Chrome Browser
2020-04-29 17:04:566 INFO  HomePage :31 - " Clicking on login link: " + _bankManagerLoginLink.toString()
2020-04-29 17:04:802 INFO  BankManagerLoginPage :27 -  Clicking on add customer link[[ChromeDriver: chrome on WINDOWS (e5fde687b68037fd85f91ee14efbdd14)] -> xpath: //button[contains(text(),'Add Customer')]]
2020-04-29 17:04:81 INFO  AddCustomerPage :32 -  Enter first name Jitu3s to the first name field[[ChromeDriver: chrome on WINDOWS (e5fde687b68037fd85f91ee14efbdd14)] -> xpath: //input[@placeholder='First Name']]
2020-04-29 17:04:157 INFO  AddCustomerPage :38 -  Enter last name Patel to the last name field[[ChromeDriver: chrome on WINDOWS (e5fde687b68037fd85f91ee14efbdd14)] -> xpath: //input[@placeholder='Last Name']]
2020-04-29 17:04:226 INFO  AddCustomerPage :44 -  Enter post code HA3 to the post code field[[ChromeDriver: chrome on WINDOWS (e5fde687b68037fd85f91ee14efbdd14)] -> xpath: //input[@placeholder='Post Code']]
2020-04-29 17:04:496 INFO  BankManagerLoginPage :27 -  Clicking on add customer link[[ChromeDriver: chrome on WINDOWS (e5fde687b68037fd85f91ee14efbdd14)] -> xpath: //button[contains(text(),'Add Customer')]]
2020-04-29 17:04:774 INFO  BankManagerLoginPage :34 -  Clicking on open account link[[ChromeDriver: chrome on WINDOWS (e5fde687b68037fd85f91ee14efbdd14)] -> xpath: //button[contains(text(),'Open Account')]]
2020-04-29 17:04:423 INFO  OpenAccountPage :35 -  Enter name on customer name field [[ChromeDriver: chrome on WINDOWS (e5fde687b68037fd85f91ee14efbdd14)] -> xpath: //select[@id='userSelect']]
2020-04-29 17:04:553 INFO  OpenAccountPage :48 - Search Pound field from currency [[ChromeDriver: chrome on WINDOWS (e5fde687b68037fd85f91ee14efbdd14)] -> xpath: //select[@id='currency']]
2020-04-29 17:04:974 INFO  HomePage :37 -  Clicking on Home Button [[ChromeDriver: chrome on WINDOWS (e5fde687b68037fd85f91ee14efbdd14)] -> xpath: //button[@class='btn home']]
2020-04-29 17:04:502 INFO  CustomerLoginPage :34 -  Enter text 6to search customer field[[ChromeDriver: chrome on WINDOWS (e5fde687b68037fd85f91ee14efbdd14)] -> xpath: //select[@id='userSelect']]
2020-04-29 17:04:563 INFO  CustomerLoginPage :27 -  Clicking onn login button[[ChromeDriver: chrome on WINDOWS (e5fde687b68037fd85f91ee14efbdd14)] -> xpath: //button[@class='btn btn-default']]
2020-04-29 17:04:418 INFO  AccountPage :52 -  Click on logout button [[ChromeDriver: chrome on WINDOWS (e5fde687b68037fd85f91ee14efbdd14)] -> xpath: //button[@class='btn logout']]
2020-04-29 17:04:73 INFO  BrowserSelector :19 - Launching Chrome Browser
2020-04-29 17:04:304 INFO  HomePage :31 - " Clicking on login link: " + _bankManagerLoginLink.toString()
2020-04-29 17:04:826 INFO  BankManagerLoginPage :27 -  Clicking on add customer link[[ChromeDriver: chrome on WINDOWS (4529da85cc7c4956559a72404e7a19a6)] -> xpath: //button[contains(text(),'Add Customer')]]
2020-04-29 17:04:137 INFO  AddCustomerPage :32 -  Enter first name Jitu7z to the first name field[[ChromeDriver: chrome on WINDOWS (4529da85cc7c4956559a72404e7a19a6)] -> xpath: //input[@placeholder='First Name']]
2020-04-29 17:04:220 INFO  AddCustomerPage :38 -  Enter last name Patel to the last name field[[ChromeDriver: chrome on WINDOWS (4529da85cc7c4956559a72404e7a19a6)] -> xpath: //input[@placeholder='Last Name']]
2020-04-29 17:04:352 INFO  AddCustomerPage :44 -  Enter post code HA3 to the post code field[[ChromeDriver: chrome on WINDOWS (4529da85cc7c4956559a72404e7a19a6)] -> xpath: //input[@placeholder='Post Code']]
2020-04-29 17:04:426 INFO  BankManagerLoginPage :27 -  Clicking on add customer link[[ChromeDriver: chrome on WINDOWS (4529da85cc7c4956559a72404e7a19a6)] -> xpath: //button[contains(text(),'Add Customer')]]
2020-04-29 17:04:669 INFO  BankManagerLoginPage :34 -  Clicking on open account link[[ChromeDriver: chrome on WINDOWS (4529da85cc7c4956559a72404e7a19a6)] -> xpath: //button[contains(text(),'Open Account')]]
2020-04-29 17:04:369 INFO  OpenAccountPage :35 -  Enter name on customer name field [[ChromeDriver: chrome on WINDOWS (4529da85cc7c4956559a72404e7a19a6)] -> xpath: //select[@id='userSelect']]
2020-04-29 17:04:489 INFO  OpenAccountPage :48 - Search Pound field from currency [[ChromeDriver: chrome on WINDOWS (4529da85cc7c4956559a72404e7a19a6)] -> xpath: //select[@id='currency']]
2020-04-29 17:04:669 INFO  HomePage :37 -  Clicking on Home Button [[ChromeDriver: chrome on WINDOWS (4529da85cc7c4956559a72404e7a19a6)] -> xpath: //button[@class='btn home']]
2020-04-29 17:04:125 INFO  CustomerLoginPage :34 -  Enter text 6to search customer field[[ChromeDriver: chrome on WINDOWS (4529da85cc7c4956559a72404e7a19a6)] -> xpath: //select[@id='userSelect']]
2020-04-29 17:04:193 INFO  CustomerLoginPage :27 -  Clicking onn login button[[ChromeDriver: chrome on WINDOWS (4529da85cc7c4956559a72404e7a19a6)] -> xpath: //button[@class='btn btn-default']]
2020-04-29 17:04:434 INFO  AccountPage :60 -  Click on deposit tab [[ChromeDriver: chrome on WINDOWS (4529da85cc7c4956559a72404e7a19a6)] -> xpath: //button[contains(text(),'Deposit')]]
2020-04-29 17:04:709 INFO  AccountPage :68 -  Enter £100 on deposit field [[ChromeDriver: chrome on WINDOWS (4529da85cc7c4956559a72404e7a19a6)] -> xpath: //input[@placeholder='amount']]
2020-04-29 17:04:784 INFO  AccountPage :75 -  Clicking on deposite button [[ChromeDriver: chrome on WINDOWS (4529da85cc7c4956559a72404e7a19a6)] -> xpath: //button[@class='btn btn-default']]
2020-04-29 17:04:808 INFO  AccountPage :80 -  Verify Deposite successful text displayed on account page[[ChromeDriver: chrome on WINDOWS (4529da85cc7c4956559a72404e7a19a6)] -> xpath: //span[@class='error ng-binding']]
